{"name":"testAutocompleteAndSearchTermPresisting","status":"failed","statusDetails":{"known":false,"muted":false,"flaky":false,"message":"Element should be hidden {div[data-qaid='autocomplete_block']}\nElement: 'StaleElementReferenceException: stale element reference: element is not attached to the page document'","trace":"Element should be hidden {div[data-qaid='autocomplete_block']}\nElement: 'StaleElementReferenceException: stale element reference: element is not attached to the page document'\nScreenshot: file:/C:/Users/Max/IdeaProjects/SpringDemo/promUaTest/target/selenide-report/1586451854119.1.png\nTimeout: 3 s.\r\n\tat com.codeborne.selenide.impl.WebElementSource.checkCondition(WebElementSource.java:72)\r\n\tat com.codeborne.selenide.commands.Should.should(Should.java:35)\r\n\tat com.codeborne.selenide.commands.Should.execute(Should.java:29)\r\n\tat com.codeborne.selenide.commands.Should.execute(Should.java:12)\r\n\tat com.codeborne.selenide.commands.Commands.execute(Commands.java:144)\r\n\tat com.codeborne.selenide.impl.SelenideElementProxy.dispatchAndRetry(SelenideElementProxy.java:99)\r\n\tat com.codeborne.selenide.impl.SelenideElementProxy.invoke(SelenideElementProxy.java:65)\r\n\tat com.sun.proxy.$Proxy17.waitUntil(Unknown Source)\r\n\tat com.promUA.pages.HomePage.searchFor(HomePage.java:45)\r\n\tat com.promUA.tests.SearchTests.testAutocompleteAndSearchTermPresisting(SearchTests.java:47)\r\n\tat java.base/jdk.internal.reflect.NativeMethodAccessorImpl.invoke0(Native Method)\r\n\tat java.base/jdk.internal.reflect.NativeMethodAccessorImpl.invoke(NativeMethodAccessorImpl.java:62)\r\n\tat java.base/jdk.internal.reflect.DelegatingMethodAccessorImpl.invoke(DelegatingMethodAccessorImpl.java:43)\r\n\tat java.base/java.lang.reflect.Method.invoke(Method.java:564)\r\n\tat org.testng.internal.MethodInvocationHelper.invokeMethod(MethodInvocationHelper.java:124)\r\n\tat org.testng.internal.Invoker.invokeMethod(Invoker.java:583)\r\n\tat org.testng.internal.Invoker.invokeTestMethod(Invoker.java:719)\r\n\tat org.testng.internal.Invoker.invokeTestMethods(Invoker.java:989)\r\n\tat org.testng.internal.TestMethodWorker.invokeTestMethods(TestMethodWorker.java:125)\r\n\tat org.testng.internal.TestMethodWorker.run(TestMethodWorker.java:109)\r\n\tat org.testng.TestRunner.privateRun(TestRunner.java:648)\r\n\tat org.testng.TestRunner.run(TestRunner.java:505)\r\n\tat org.testng.SuiteRunner.runTest(SuiteRunner.java:455)\r\n\tat org.testng.SuiteRunner.runSequentially(SuiteRunner.java:450)\r\n\tat org.testng.SuiteRunner.privateRun(SuiteRunner.java:415)\r\n\tat org.testng.SuiteRunner.run(SuiteRunner.java:364)\r\n\tat org.testng.SuiteRunnerWorker.runSuite(SuiteRunnerWorker.java:52)\r\n\tat org.testng.SuiteRunnerWorker.run(SuiteRunnerWorker.java:84)\r\n\tat org.testng.TestNG.runSuitesSequentially(TestNG.java:1208)\r\n\tat org.testng.TestNG.runSuitesLocally(TestNG.java:1137)\r\n\tat org.testng.TestNG.runSuites(TestNG.java:1049)\r\n\tat org.testng.TestNG.run(TestNG.java:1017)\r\n\tat com.intellij.rt.testng.IDEARemoteTestNG.run(IDEARemoteTestNG.java:66)\r\n\tat com.intellij.rt.testng.RemoteTestNGStarter.main(RemoteTestNGStarter.java:110)\r\n"},"stage":"finished","description":"Verify that auto ","steps":[{"name":"$(open) https://prom.ua/","status":"passed","stage":"finished","steps":[],"attachments":[],"parameters":[],"start":1586451848989,"stop":1586451849890},{"name":"Search for = телевизор","status":"failed","statusDetails":{"known":false,"muted":false,"flaky":false,"message":"Element should be hidden {div[data-qaid='autocomplete_block']}\nElement: 'StaleElementReferenceException: stale element reference: element is not attached to the page document'","trace":"Element should be hidden {div[data-qaid='autocomplete_block']}\nElement: 'StaleElementReferenceException: stale element reference: element is not attached to the page document'\nScreenshot: file:/C:/Users/Max/IdeaProjects/SpringDemo/promUaTest/target/selenide-report/1586451854119.1.png\nTimeout: 3 s.\r\n\tat com.codeborne.selenide.impl.WebElementSource.checkCondition(WebElementSource.java:72)\r\n\tat com.codeborne.selenide.commands.Should.should(Should.java:35)\r\n\tat com.codeborne.selenide.commands.Should.execute(Should.java:29)\r\n\tat com.codeborne.selenide.commands.Should.execute(Should.java:12)\r\n\tat com.codeborne.selenide.commands.Commands.execute(Commands.java:144)\r\n\tat com.codeborne.selenide.impl.SelenideElementProxy.dispatchAndRetry(SelenideElementProxy.java:99)\r\n\tat com.codeborne.selenide.impl.SelenideElementProxy.invoke(SelenideElementProxy.java:65)\r\n\tat com.sun.proxy.$Proxy17.waitUntil(Unknown Source)\r\n\tat com.promUA.pages.HomePage.searchFor(HomePage.java:45)\r\n\tat com.promUA.tests.SearchTests.testAutocompleteAndSearchTermPresisting(SearchTests.java:47)\r\n\tat java.base/jdk.internal.reflect.NativeMethodAccessorImpl.invoke0(Native Method)\r\n\tat java.base/jdk.internal.reflect.NativeMethodAccessorImpl.invoke(NativeMethodAccessorImpl.java:62)\r\n\tat java.base/jdk.internal.reflect.DelegatingMethodAccessorImpl.invoke(DelegatingMethodAccessorImpl.java:43)\r\n\tat java.base/java.lang.reflect.Method.invoke(Method.java:564)\r\n\tat org.testng.internal.MethodInvocationHelper.invokeMethod(MethodInvocationHelper.java:124)\r\n\tat org.testng.internal.Invoker.invokeMethod(Invoker.java:583)\r\n\tat org.testng.internal.Invoker.invokeTestMethod(Invoker.java:719)\r\n\tat org.testng.internal.Invoker.invokeTestMethods(Invoker.java:989)\r\n\tat org.testng.internal.TestMethodWorker.invokeTestMethods(TestMethodWorker.java:125)\r\n\tat org.testng.internal.TestMethodWorker.run(TestMethodWorker.java:109)\r\n\tat org.testng.TestRunner.privateRun(TestRunner.java:648)\r\n\tat org.testng.TestRunner.run(TestRunner.java:505)\r\n\tat org.testng.SuiteRunner.runTest(SuiteRunner.java:455)\r\n\tat org.testng.SuiteRunner.runSequentially(SuiteRunner.java:450)\r\n\tat org.testng.SuiteRunner.privateRun(SuiteRunner.java:415)\r\n\tat org.testng.SuiteRunner.run(SuiteRunner.java:364)\r\n\tat org.testng.SuiteRunnerWorker.runSuite(SuiteRunnerWorker.java:52)\r\n\tat org.testng.SuiteRunnerWorker.run(SuiteRunnerWorker.java:84)\r\n\tat org.testng.TestNG.runSuitesSequentially(TestNG.java:1208)\r\n\tat org.testng.TestNG.runSuitesLocally(TestNG.java:1137)\r\n\tat org.testng.TestNG.runSuites(TestNG.java:1049)\r\n\tat org.testng.TestNG.run(TestNG.java:1017)\r\n\tat com.intellij.rt.testng.IDEARemoteTestNG.run(IDEARemoteTestNG.java:66)\r\n\tat com.intellij.rt.testng.RemoteTestNGStarter.main(RemoteTestNGStarter.java:110)\r\n"},"stage":"finished","steps":[{"name":"$(input[data-qaid='search_input']) send keys(телевизор)","status":"passed","stage":"finished","steps":[],"attachments":[],"parameters":[],"start":1586451849890,"stop":1586451850062},{"name":"$(button[data-qaid='search_button']) click()","status":"passed","stage":"finished","steps":[],"attachments":[],"parameters":[],"start":1586451850062,"stop":1586451850168},{"name":"$(div[data-qaid='autocomplete_block']) wait until([hidden, 3000])","status":"failed","statusDetails":{"known":false,"muted":false,"flaky":false,"message":"Element should be hidden {div[data-qaid='autocomplete_block']}\nElement: 'StaleElementReferenceException: stale element reference: element is not attached to the page document'","trace":"Element should be hidden {div[data-qaid='autocomplete_block']}\nElement: 'StaleElementReferenceException: stale element reference: element is not attached to the page document'\nScreenshot: file:/C:/Users/Max/IdeaProjects/SpringDemo/promUaTest/target/selenide-report/1586451854119.1.png\nTimeout: 3 s.\r\n\tat com.codeborne.selenide.impl.WebElementSource.checkCondition(WebElementSource.java:72)\r\n\tat com.codeborne.selenide.commands.Should.should(Should.java:35)\r\n\tat com.codeborne.selenide.commands.Should.execute(Should.java:29)\r\n\tat com.codeborne.selenide.commands.Should.execute(Should.java:12)\r\n\tat com.codeborne.selenide.commands.Commands.execute(Commands.java:144)\r\n\tat com.codeborne.selenide.impl.SelenideElementProxy.dispatchAndRetry(SelenideElementProxy.java:99)\r\n\tat com.codeborne.selenide.impl.SelenideElementProxy.invoke(SelenideElementProxy.java:65)\r\n\tat com.sun.proxy.$Proxy17.waitUntil(Unknown Source)\r\n\tat com.promUA.pages.HomePage.searchFor(HomePage.java:45)\r\n\tat com.promUA.tests.SearchTests.testAutocompleteAndSearchTermPresisting(SearchTests.java:47)\r\n\tat java.base/jdk.internal.reflect.NativeMethodAccessorImpl.invoke0(Native Method)\r\n\tat java.base/jdk.internal.reflect.NativeMethodAccessorImpl.invoke(NativeMethodAccessorImpl.java:62)\r\n\tat java.base/jdk.internal.reflect.DelegatingMethodAccessorImpl.invoke(DelegatingMethodAccessorImpl.java:43)\r\n\tat java.base/java.lang.reflect.Method.invoke(Method.java:564)\r\n\tat org.testng.internal.MethodInvocationHelper.invokeMethod(MethodInvocationHelper.java:124)\r\n\tat org.testng.internal.Invoker.invokeMethod(Invoker.java:583)\r\n\tat org.testng.internal.Invoker.invokeTestMethod(Invoker.java:719)\r\n\tat org.testng.internal.Invoker.invokeTestMethods(Invoker.java:989)\r\n\tat org.testng.internal.TestMethodWorker.invokeTestMethods(TestMethodWorker.java:125)\r\n\tat org.testng.internal.TestMethodWorker.run(TestMethodWorker.java:109)\r\n\tat org.testng.TestRunner.privateRun(TestRunner.java:648)\r\n\tat org.testng.TestRunner.run(TestRunner.java:505)\r\n\tat org.testng.SuiteRunner.runTest(SuiteRunner.java:455)\r\n\tat org.testng.SuiteRunner.runSequentially(SuiteRunner.java:450)\r\n\tat org.testng.SuiteRunner.privateRun(SuiteRunner.java:415)\r\n\tat org.testng.SuiteRunner.run(SuiteRunner.java:364)\r\n\tat org.testng.SuiteRunnerWorker.runSuite(SuiteRunnerWorker.java:52)\r\n\tat org.testng.SuiteRunnerWorker.run(SuiteRunnerWorker.java:84)\r\n\tat org.testng.TestNG.runSuitesSequentially(TestNG.java:1208)\r\n\tat org.testng.TestNG.runSuitesLocally(TestNG.java:1137)\r\n\tat org.testng.TestNG.runSuites(TestNG.java:1049)\r\n\tat org.testng.TestNG.run(TestNG.java:1017)\r\n\tat com.intellij.rt.testng.IDEARemoteTestNG.run(IDEARemoteTestNG.java:66)\r\n\tat com.intellij.rt.testng.RemoteTestNGStarter.main(RemoteTestNGStarter.java:110)\r\n"},"stage":"finished","steps":[],"attachments":[{"name":"Screenshot","source":"4f23b952-3dab-4a6e-b7a9-75e0c52329a4-attachment.png","type":"image/png"}],"parameters":[],"start":1586451850169,"stop":1586451854907}],"attachments":[],"parameters":[{"name":"searchTerm","value":"телевизор"}],"start":1586451849890,"stop":1586451854907}],"attachments":[],"parameters":[{"name":"arg0","value":"телевизор"}],"start":1586451848989,"stop":1586451854907,"uuid":"1bd69d4a-8ffc-4cbe-9bf6-1b148cbff69b","historyId":"cf09235a7f0b4c3a4a05d2485e9e8a01","fullName":"com.promUA.tests.SearchTests.testAutocompleteAndSearchTermPresisting","labels":[{"name":"package","value":"com.promUA.tests.SearchTests"},{"name":"testClass","value":"com.promUA.tests.SearchTests"},{"name":"testMethod","value":"testAutocompleteAndSearchTermPresisting"},{"name":"parentSuite","value":"Default Suite"},{"name":"suite","value":"promUaTest"},{"name":"subSuite","value":"com.promUA.tests.SearchTests"},{"name":"host","value":"DESKTOP-8GVSN4E"},{"name":"thread","value":"14604@DESKTOP-8GVSN4E.main(1)"},{"name":"framework","value":"testng"},{"name":"language","value":"java"}],"links":[]}