<?xml version="1.0" encoding="UTF-8"?>
<testng-results ignored="4" total="11" passed="3" failed="4" skipped="0">
  <reporter-output>
  </reporter-output>
  <suite started-at="2020-04-09T16:32:44Z" name="Debug suite " finished-at="2020-04-09T16:33:58Z" duration-ms="73562">
    <groups>
    </groups>
    <test started-at="2020-04-09T16:32:44Z" name="Prom UA  Tests " finished-at="2020-04-09T16:33:58Z" duration-ms="73562">
      <class name="com.promUA.tests.RegistrationTest">
        <test-method is-config="true" signature="setUp()[pri:0, instance:com.promUA.tests.RegistrationTest@1e886a5b]" started-at="2020-04-09T16:32:44Z" name="setUp" finished-at="2020-04-09T16:32:44Z" duration-ms="5" status="PASS">
          <reporter-output>
          </reporter-output>
        </test-method> <!-- setUp -->
        <test-method signature="testCompanyRegistration()[pri:0, instance:com.promUA.tests.RegistrationTest@1e886a5b]" started-at="2020-04-09T16:32:45Z" name="testCompanyRegistration" description="Company registration test" finished-at="2020-04-09T16:33:02Z" duration-ms="17064" status="PASS">
          <reporter-output>
          </reporter-output>
        </test-method> <!-- testCompanyRegistration -->
        <test-method is-config="true" signature="setUp()[pri:0, instance:com.promUA.tests.RegistrationTest@1e886a5b]" started-at="2020-04-09T16:33:02Z" name="setUp" finished-at="2020-04-09T16:33:02Z" duration-ms="0" status="PASS">
          <reporter-output>
          </reporter-output>
        </test-method> <!-- setUp -->
        <test-method signature="testMailVerificationAfterRegistration()[pri:0, instance:com.promUA.tests.RegistrationTest@1e886a5b]" started-at="2020-04-09T16:33:02Z" name="testMailVerificationAfterRegistration" description="Verification of received mail " finished-at="2020-04-09T16:33:05Z" depends-on-methods="com.promUA.tests.RegistrationTest.testCompanyRegistration" duration-ms="2980" status="FAIL">
          <exception class="java.lang.IllegalStateException">
            <message>
              <![CDATA[This operation is not allowed on a closed folder]]>
            </message>
            <full-stacktrace>
              <![CDATA[java.lang.IllegalStateException: This operation is not allowed on a closed folder
at com.sun.mail.imap.IMAPFolder.close(IMAPFolder.java:955)
at com.sun.mail.imap.IMAPFolder.close(IMAPFolder.java:935)
at com.promUA.util.MailHelper.closeStore(MailHelper.java:41)
at com.promUA.util.MailHelper.getMessegeSubjectForReceiver(MailHelper.java:95)
at com.promUA.tests.RegistrationTest.testMailVerificationAfterRegistration(RegistrationTest.java:41)
at java.base/jdk.internal.reflect.NativeMethodAccessorImpl.invoke0(Native Method)
at java.base/jdk.internal.reflect.NativeMethodAccessorImpl.invoke(NativeMethodAccessorImpl.java:62)
at java.base/jdk.internal.reflect.DelegatingMethodAccessorImpl.invoke(DelegatingMethodAccessorImpl.java:43)
at java.base/java.lang.reflect.Method.invoke(Method.java:564)
at org.testng.internal.MethodInvocationHelper.invokeMethod(MethodInvocationHelper.java:124)
at org.testng.internal.Invoker.invokeMethod(Invoker.java:583)
at org.testng.internal.Invoker.invokeTestMethod(Invoker.java:719)
at org.testng.internal.Invoker.invokeTestMethods(Invoker.java:989)
at org.testng.internal.TestMethodWorker.invokeTestMethods(TestMethodWorker.java:125)
at org.testng.internal.TestMethodWorker.run(TestMethodWorker.java:109)
at java.base/java.util.concurrent.ThreadPoolExecutor.runWorker(ThreadPoolExecutor.java:1130)
at java.base/java.util.concurrent.ThreadPoolExecutor$Worker.run(ThreadPoolExecutor.java:630)
at java.base/java.lang.Thread.run(Thread.java:832)
]]>
            </full-stacktrace>
          </exception> <!-- java.lang.IllegalStateException -->
          <reporter-output>
          </reporter-output>
        </test-method> <!-- testMailVerificationAfterRegistration -->
      </class> <!-- com.promUA.tests.RegistrationTest -->
      <class name="com.promUA.tests.SearchTests">
        <test-method signature="testAutocompleteAndSearchTermPresisting(java.lang.String)[pri:0, instance:com.promUA.tests.SearchTests@d816dde]" started-at="2020-04-09T16:32:44Z" name="testAutocompleteAndSearchTermPresisting" data-provider="searchTermProvider" finished-at="2020-04-09T16:33:01Z" duration-ms="16933" status="PASS">
          <params>
            <param index="0">
              <value>
                <![CDATA[плеер]]>
              </value>
            </param>
          </params>
          <reporter-output>
          </reporter-output>
        </test-method> <!-- testAutocompleteAndSearchTermPresisting -->
        <test-method signature="testAutocompleteAndSearchTermPresisting(java.lang.String)[pri:0, instance:com.promUA.tests.SearchTests@d816dde]" started-at="2020-04-09T16:33:01Z" name="testAutocompleteAndSearchTermPresisting" data-provider="searchTermProvider" finished-at="2020-04-09T16:33:08Z" duration-ms="6351" status="FAIL">
          <params>
            <param index="0">
              <value>
                <![CDATA[телевизор]]>
              </value>
            </param>
          </params>
          <exception class="com.codeborne.selenide.ex.ElementShould">
            <message>
              <![CDATA[Element should be hidden {div[data-qaid='autocomplete_block']}
Element: 'StaleElementReferenceException: stale element reference: element is not attached to the page document']]>
            </message>
            <full-stacktrace>
              <![CDATA[Element should be hidden {div[data-qaid='autocomplete_block']}
Element: 'StaleElementReferenceException: stale element reference: element is not attached to the page document'
Screenshot: file:/C:/Users/Max/IdeaProjects/SpringDemo/promUaTest/target/selenide-report/1586449987678.0.png
Timeout: 3 s.
at com.codeborne.selenide.impl.WebElementSource.checkCondition(WebElementSource.java:72)
at com.codeborne.selenide.commands.Should.should(Should.java:35)
at com.codeborne.selenide.commands.Should.execute(Should.java:29)
at com.codeborne.selenide.commands.Should.execute(Should.java:12)
at com.codeborne.selenide.commands.Commands.execute(Commands.java:144)
at com.codeborne.selenide.impl.SelenideElementProxy.dispatchAndRetry(SelenideElementProxy.java:99)
at com.codeborne.selenide.impl.SelenideElementProxy.invoke(SelenideElementProxy.java:65)
at com.sun.proxy.$Proxy21.waitUntil(Unknown Source)
at com.promUA.pages.HomePage.searchFor(HomePage.java:45)
at com.promUA.tests.SearchTests.testAutocompleteAndSearchTermPresisting(SearchTests.java:47)
at java.base/jdk.internal.reflect.NativeMethodAccessorImpl.invoke0(Native Method)
at java.base/jdk.internal.reflect.NativeMethodAccessorImpl.invoke(NativeMethodAccessorImpl.java:62)
at java.base/jdk.internal.reflect.DelegatingMethodAccessorImpl.invoke(DelegatingMethodAccessorImpl.java:43)
at java.base/java.lang.reflect.Method.invoke(Method.java:564)
at org.testng.internal.MethodInvocationHelper.invokeMethod(MethodInvocationHelper.java:124)
at org.testng.internal.Invoker.invokeMethod(Invoker.java:583)
at org.testng.internal.Invoker.invokeTestMethod(Invoker.java:719)
at org.testng.internal.Invoker.invokeTestMethods(Invoker.java:989)
at org.testng.internal.TestMethodWorker.invokeTestMethods(TestMethodWorker.java:125)
at org.testng.internal.TestMethodWorker.run(TestMethodWorker.java:109)
at java.base/java.util.concurrent.ThreadPoolExecutor.runWorker(ThreadPoolExecutor.java:1130)
at java.base/java.util.concurrent.ThreadPoolExecutor$Worker.run(ThreadPoolExecutor.java:630)
at java.base/java.lang.Thread.run(Thread.java:832)
]]>
            </full-stacktrace>
          </exception> <!-- com.codeborne.selenide.ex.ElementShould -->
          <reporter-output>
          </reporter-output>
        </test-method> <!-- testAutocompleteAndSearchTermPresisting -->
        <test-method signature="testAutocompleteAndSearchTermPresisting(java.lang.String)[pri:0, instance:com.promUA.tests.SearchTests@d816dde]" started-at="2020-04-09T16:33:08Z" name="testAutocompleteAndSearchTermPresisting" data-provider="searchTermProvider" finished-at="2020-04-09T16:33:12Z" duration-ms="4042" status="PASS">
          <params>
            <param index="0">
              <value>
                <![CDATA[доберман]]>
              </value>
            </param>
          </params>
          <reporter-output>
          </reporter-output>
        </test-method> <!-- testAutocompleteAndSearchTermPresisting -->
        <test-method signature="testValidateProductsOnPage(java.lang.String)[pri:0, instance:com.promUA.tests.SearchTests@d816dde]" started-at="2020-04-09T16:33:12Z" name="testValidateProductsOnPage" data-provider="productNamesProvider" finished-at="2020-04-09T16:33:34Z" duration-ms="22592" status="FAIL">
          <params>
            <param index="0">
              <value>
                <![CDATA[плеер]]>
              </value>
            </param>
          </params>
          <exception class="com.codeborne.selenide.ex.ElementNotFound">
            <message>
              <![CDATA[Element not found {$$(90 elements)[1]}
Expected: exist]]>
            </message>
            <full-stacktrace>
              <![CDATA[Element not found {$$(90 elements)[1]}
Expected: exist
Screenshot: file:/C:/Users/Max/IdeaProjects/SpringDemo/promUaTest/target/selenide-report/1586450014636.1.png
Timeout: 7 s.
Caused by: StaleElementReferenceException: stale element reference: element is not attached to the page document
at com.codeborne.selenide.impl.WebElementSource.createElementNotFoundError(WebElementSource.java:37)
at com.codeborne.selenide.impl.CollectionElement.createElementNotFoundError(CollectionElement.java:48)
at com.codeborne.selenide.impl.SelenideElementProxy.dispatchAndRetry(SelenideElementProxy.java:131)
at com.codeborne.selenide.impl.SelenideElementProxy.invoke(SelenideElementProxy.java:65)
at com.sun.proxy.$Proxy21.text(Unknown Source)
at com.promUA.pages.ProductListPage.getProductTexts(ProductListPage.java:26)
at com.promUA.tests.SearchTests.testValidateProductsOnPage(SearchTests.java:62)
at java.base/jdk.internal.reflect.NativeMethodAccessorImpl.invoke0(Native Method)
at java.base/jdk.internal.reflect.NativeMethodAccessorImpl.invoke(NativeMethodAccessorImpl.java:62)
at java.base/jdk.internal.reflect.DelegatingMethodAccessorImpl.invoke(DelegatingMethodAccessorImpl.java:43)
at java.base/java.lang.reflect.Method.invoke(Method.java:564)
at org.testng.internal.MethodInvocationHelper.invokeMethod(MethodInvocationHelper.java:124)
at org.testng.internal.Invoker.invokeMethod(Invoker.java:583)
at org.testng.internal.Invoker.invokeTestMethod(Invoker.java:719)
at org.testng.internal.Invoker.invokeTestMethods(Invoker.java:989)
at org.testng.internal.TestMethodWorker.invokeTestMethods(TestMethodWorker.java:125)
at org.testng.internal.TestMethodWorker.run(TestMethodWorker.java:109)
at java.base/java.util.concurrent.ThreadPoolExecutor.runWorker(ThreadPoolExecutor.java:1130)
at java.base/java.util.concurrent.ThreadPoolExecutor$Worker.run(ThreadPoolExecutor.java:630)
at java.base/java.lang.Thread.run(Thread.java:832)
Caused by: org.openqa.selenium.StaleElementReferenceException: stale element reference: element is not attached to the page document
  (Session info: chrome=80.0.3987.163)
For documentation on this error, please visit: https://www.seleniumhq.org/exceptions/stale_element_reference.html
Build info: version: '3.141.59', revision: 'e82be7d358', time: '2018-11-14T08:17:03'
System info: host: 'DESKTOP-8GVSN4E', ip: '192.168.0.3', os.name: 'Windows 10', os.arch: 'amd64', os.version: '10.0', java.version: '14'
Driver info: org.openqa.selenium.chrome.ChromeDriver
Capabilities {acceptInsecureCerts: false, browserName: chrome, browserVersion: 80.0.3987.163, chrome: {chromedriverVersion: 80.0.3987.106 (f68069574609..., userDataDir: C:\Users\Max\AppData\Local\...}, goog:chromeOptions: {debuggerAddress: localhost:49964}, javascriptEnabled: true, networkConnectionEnabled: false, pageLoadStrategy: normal, platform: WINDOWS, platformName: WINDOWS, proxy: Proxy(), setWindowRect: true, strictFileInteractability: false, timeouts: {implicit: 0, pageLoad: 300000, script: 30000}, unhandledPromptBehavior: dismiss and notify}
Session ID: 6d4c75367a94ab177889d0d8e7414578
at jdk.internal.reflect.GeneratedConstructorAccessor17.newInstance(Unknown Source)
at java.base/jdk.internal.reflect.DelegatingConstructorAccessorImpl.newInstance(DelegatingConstructorAccessorImpl.java:45)
at java.base/java.lang.reflect.Constructor.newInstanceWithCaller(Constructor.java:500)
at java.base/java.lang.reflect.Constructor.newInstance(Constructor.java:481)
at org.openqa.selenium.remote.http.W3CHttpResponseCodec.createException(W3CHttpResponseCodec.java:187)
at org.openqa.selenium.remote.http.W3CHttpResponseCodec.decode(W3CHttpResponseCodec.java:122)
at org.openqa.selenium.remote.http.W3CHttpResponseCodec.decode(W3CHttpResponseCodec.java:49)
at org.openqa.selenium.remote.HttpCommandExecutor.execute(HttpCommandExecutor.java:158)
at org.openqa.selenium.remote.service.DriverCommandExecutor.execute(DriverCommandExecutor.java:83)
at org.openqa.selenium.remote.RemoteWebDriver.execute(RemoteWebDriver.java:552)
at org.openqa.selenium.remote.RemoteWebElement.execute(RemoteWebElement.java:285)
at org.openqa.selenium.remote.RemoteWebElement.getTagName(RemoteWebElement.java:128)
at com.codeborne.selenide.commands.GetText.execute(GetText.java:22)
at com.codeborne.selenide.commands.GetText.execute(GetText.java:8)
at com.codeborne.selenide.commands.Commands.execute(Commands.java:144)
at com.codeborne.selenide.impl.SelenideElementProxy.dispatchAndRetry(SelenideElementProxy.java:99)
... 17 more
]]>
            </full-stacktrace>
          </exception> <!-- com.codeborne.selenide.ex.ElementNotFound -->
          <reporter-output>
          </reporter-output>
        </test-method> <!-- testValidateProductsOnPage -->
        <test-method signature="testValidateProductsOnPage(java.lang.String)[pri:0, instance:com.promUA.tests.SearchTests@d816dde]" started-at="2020-04-09T16:33:34Z" name="testValidateProductsOnPage" data-provider="productNamesProvider" finished-at="2020-04-09T16:33:58Z" duration-ms="23534" status="FAIL">
          <params>
            <param index="0">
              <value>
                <![CDATA[телевизор]]>
              </value>
            </param>
          </params>
          <exception class="com.codeborne.selenide.ex.ElementNotFound">
            <message>
              <![CDATA[Element not found {$$(90 elements)[10]}
Expected: exist]]>
            </message>
            <full-stacktrace>
              <![CDATA[Element not found {$$(90 elements)[10]}
Expected: exist
Screenshot: file:/C:/Users/Max/IdeaProjects/SpringDemo/promUaTest/target/selenide-report/1586450038182.2.png
Timeout: 7 s.
Caused by: StaleElementReferenceException: stale element reference: element is not attached to the page document
at com.codeborne.selenide.impl.WebElementSource.createElementNotFoundError(WebElementSource.java:37)
at com.codeborne.selenide.impl.CollectionElement.createElementNotFoundError(CollectionElement.java:48)
at com.codeborne.selenide.impl.SelenideElementProxy.dispatchAndRetry(SelenideElementProxy.java:131)
at com.codeborne.selenide.impl.SelenideElementProxy.invoke(SelenideElementProxy.java:65)
at com.sun.proxy.$Proxy21.text(Unknown Source)
at com.promUA.pages.ProductListPage.getProductTexts(ProductListPage.java:28)
at com.promUA.tests.SearchTests.testValidateProductsOnPage(SearchTests.java:62)
at java.base/jdk.internal.reflect.NativeMethodAccessorImpl.invoke0(Native Method)
at java.base/jdk.internal.reflect.NativeMethodAccessorImpl.invoke(NativeMethodAccessorImpl.java:62)
at java.base/jdk.internal.reflect.DelegatingMethodAccessorImpl.invoke(DelegatingMethodAccessorImpl.java:43)
at java.base/java.lang.reflect.Method.invoke(Method.java:564)
at org.testng.internal.MethodInvocationHelper.invokeMethod(MethodInvocationHelper.java:124)
at org.testng.internal.Invoker.invokeMethod(Invoker.java:583)
at org.testng.internal.Invoker.invokeTestMethod(Invoker.java:719)
at org.testng.internal.Invoker.invokeTestMethods(Invoker.java:989)
at org.testng.internal.TestMethodWorker.invokeTestMethods(TestMethodWorker.java:125)
at org.testng.internal.TestMethodWorker.run(TestMethodWorker.java:109)
at java.base/java.util.concurrent.ThreadPoolExecutor.runWorker(ThreadPoolExecutor.java:1130)
at java.base/java.util.concurrent.ThreadPoolExecutor$Worker.run(ThreadPoolExecutor.java:630)
at java.base/java.lang.Thread.run(Thread.java:832)
Caused by: org.openqa.selenium.StaleElementReferenceException: stale element reference: element is not attached to the page document
  (Session info: chrome=80.0.3987.163)
For documentation on this error, please visit: https://www.seleniumhq.org/exceptions/stale_element_reference.html
Build info: version: '3.141.59', revision: 'e82be7d358', time: '2018-11-14T08:17:03'
System info: host: 'DESKTOP-8GVSN4E', ip: '192.168.0.3', os.name: 'Windows 10', os.arch: 'amd64', os.version: '10.0', java.version: '14'
Driver info: org.openqa.selenium.chrome.ChromeDriver
Capabilities {acceptInsecureCerts: false, browserName: chrome, browserVersion: 80.0.3987.163, chrome: {chromedriverVersion: 80.0.3987.106 (f68069574609..., userDataDir: C:\Users\Max\AppData\Local\...}, goog:chromeOptions: {debuggerAddress: localhost:49964}, javascriptEnabled: true, networkConnectionEnabled: false, pageLoadStrategy: normal, platform: WINDOWS, platformName: WINDOWS, proxy: Proxy(), setWindowRect: true, strictFileInteractability: false, timeouts: {implicit: 0, pageLoad: 300000, script: 30000}, unhandledPromptBehavior: dismiss and notify}
Session ID: 6d4c75367a94ab177889d0d8e7414578
at jdk.internal.reflect.GeneratedConstructorAccessor17.newInstance(Unknown Source)
at java.base/jdk.internal.reflect.DelegatingConstructorAccessorImpl.newInstance(DelegatingConstructorAccessorImpl.java:45)
at java.base/java.lang.reflect.Constructor.newInstanceWithCaller(Constructor.java:500)
at java.base/java.lang.reflect.Constructor.newInstance(Constructor.java:481)
at org.openqa.selenium.remote.http.W3CHttpResponseCodec.createException(W3CHttpResponseCodec.java:187)
at org.openqa.selenium.remote.http.W3CHttpResponseCodec.decode(W3CHttpResponseCodec.java:122)
at org.openqa.selenium.remote.http.W3CHttpResponseCodec.decode(W3CHttpResponseCodec.java:49)
at org.openqa.selenium.remote.HttpCommandExecutor.execute(HttpCommandExecutor.java:158)
at org.openqa.selenium.remote.service.DriverCommandExecutor.execute(DriverCommandExecutor.java:83)
at org.openqa.selenium.remote.RemoteWebDriver.execute(RemoteWebDriver.java:552)
at org.openqa.selenium.remote.RemoteWebElement.execute(RemoteWebElement.java:285)
at org.openqa.selenium.remote.RemoteWebElement.getTagName(RemoteWebElement.java:128)
at com.codeborne.selenide.commands.GetText.execute(GetText.java:22)
at com.codeborne.selenide.commands.GetText.execute(GetText.java:8)
at com.codeborne.selenide.commands.Commands.execute(Commands.java:144)
at com.codeborne.selenide.impl.SelenideElementProxy.dispatchAndRetry(SelenideElementProxy.java:99)
... 17 more
]]>
            </full-stacktrace>
          </exception> <!-- com.codeborne.selenide.ex.ElementNotFound -->
          <reporter-output>
          </reporter-output>
        </test-method> <!-- testValidateProductsOnPage -->
      </class> <!-- com.promUA.tests.SearchTests -->
      <class name="com.promUA.tests.BaseTests">
        <test-method is-config="true" signature="setupSuite(java.lang.String)[pri:0, instance:com.promUA.tests.BaseTests@38875e7d]" started-at="2020-04-09T16:32:44Z" name="setupSuite" finished-at="2020-04-09T16:32:44Z" duration-ms="49" status="PASS">
          <params>
            <param index="0">
              <value>
                <![CDATA[https://prom.ua]]>
              </value>
            </param>
          </params>
          <reporter-output>
          </reporter-output>
        </test-method> <!-- setupSuite -->
        <test-method is-config="true" signature="tearDownSuite()[pri:0, instance:com.promUA.tests.BaseTests@38875e7d]" started-at="2020-04-09T16:33:58Z" name="tearDownSuite" finished-at="2020-04-09T16:33:58Z" duration-ms="1" status="PASS">
          <reporter-output>
          </reporter-output>
        </test-method> <!-- tearDownSuite -->
      </class> <!-- com.promUA.tests.BaseTests -->
    </test> <!-- Prom UA  Tests  -->
  </suite> <!-- Debug suite  -->
</testng-results>
